2026-02-03T02:35:09.316Z {"simTime":"1978-07-04T16:05:00.660Z","states":{"timeOfDay":"day","sky":"scattered","precip":"none","wind":"light","comfort":"warm"},"luminance":0.78}
2026-02-03T02:35:14.321Z {"simTime":"1978-07-04T16:10:00.960Z","states":{"timeOfDay":"day","sky":"scattered","precip":"none","wind":"light","comfort":"warm"},"luminance":0.7881300000000001}
2026-02-03T02:35:19.326Z {"simTime":"1978-07-04T16:15:01.260Z","states":{"timeOfDay":"day","sky":"scattered","precip":"none","wind":"light","comfort":"warm"},"luminance":0.7970859837000002}
2026-02-03T02:35:24.332Z {"simTime":"1978-07-04T16:20:01.620Z","states":{"timeOfDay":"day","sky":"scattered","precip":"none","wind":"light","comfort":"warm"},"luminance":0.8023744025150131}
2026-02-03T02:35:29.337Z {"simTime":"1978-07-04T16:25:01.920Z","states":{"timeOfDay":"day","sky":"few","precip":"none","wind":"light","comfort":"warm"},"luminance":0.8136271609410901}
2026-02-03T02:35:34.342Z {"simTime":"1978-07-04T16:30:02.220Z","states":{"timeOfDay":"day","sky":"few","precip":"none","wind":"light","comfort":"warm"},"luminance":0.8244271022641043}
2026-02-03T02:35:39.347Z {"simTime":"1978-07-04T16:35:02.520Z","states":{"timeOfDay":"day","sky":"few","precip":"none","wind":"light","comfort":"warm"},"luminance":0.8308043596159309}
2026-02-03T02:35:44.352Z {"simTime":"1978-07-04T16:40:02.820Z","states":{"timeOfDay":"day","sky":"few","precip":"none","wind":"light","comfort":"warm"},"luminance":0.8427000663096111}
2026-02-03T02:36:51.895Z {"simTime":"1978-07-04T16:05:00.540Z","states":{"timeOfDay":"day","sky":"scattered","precip":"none","wind":"light","comfort":"warm"},"luminance":0.78}
2026-02-03T02:36:56.901Z {"simTime":"1978-07-04T16:10:00.900Z","states":{"timeOfDay":"day","sky":"scattered","precip":"none","wind":"light","comfort":"warm"},"luminance":0.7881300000000001}
2026-02-03T02:37:01.905Z {"simTime":"1978-07-04T16:15:01.140Z","states":{"timeOfDay":"day","sky":"scattered","precip":"none","wind":"light","comfort":"warm"},"luminance":0.7970859837000002}
2026-02-03T02:37:06.910Z {"simTime":"1978-07-04T16:20:01.440Z","states":{"timeOfDay":"day","sky":"scattered","precip":"none","wind":"light","comfort":"warm"},"luminance":0.8023744025150131}
2026-02-03T02:37:11.916Z {"simTime":"1978-07-04T16:25:01.800Z","states":{"timeOfDay":"day","sky":"few","precip":"none","wind":"light","comfort":"warm"},"luminance":0.8136271609410901}
2026-02-03T02:37:16.922Z {"simTime":"1978-07-04T16:30:02.160Z","states":{"timeOfDay":"day","sky":"few","precip":"none","wind":"light","comfort":"warm"},"luminance":0.8244271022641043}
2026-02-03T02:37:21.929Z {"simTime":"1978-07-04T16:35:02.580Z","states":{"timeOfDay":"day","sky":"few","precip":"none","wind":"light","comfort":"warm"},"luminance":0.8308043596159309}
2026-02-03T02:37:26.938Z {"simTime":"1978-07-04T16:40:03.000Z","states":{"timeOfDay":"day","sky":"few","precip":"none","wind":"light","comfort":"warm"},"luminance":0.8427000663096111}
2026-02-03T02:37:31.944Z {"simTime":"1978-07-04T16:45:03.420Z","states":{"timeOfDay":"day","sky":"few","precip":"none","wind":"light","comfort":"warm"},"luminance":0.8538796621551622}
2026-02-03T02:37:36.950Z {"simTime":"1978-07-04T16:50:03.780Z","states":{"timeOfDay":"day","sky":"few","precip":"none","wind":"light","comfort":"warm"},"luminance":0.8604811017060018}
2026-02-03T02:37:41.955Z {"simTime":"1978-07-04T16:55:04.080Z","states":{"timeOfDay":"day","sky":"few","precip":"none","wind":"light","comfort":"warm"},"luminance":0.872509185746377}
2026-02-03T02:37:46.962Z {"simTime":"1978-07-04T17:00:04.500Z","states":{"timeOfDay":"day","sky":"few","precip":"none","wind":"light","comfort":"warm"},"luminance":0.8837669490913782}
2026-02-03T02:37:51.967Z {"simTime":"1978-07-04T17:05:04.800Z","states":{"timeOfDay":"day","sky":"few","precip":"none","wind":"light","comfort":"warm"},"luminance":0.8904145457689678}
2026-02-03T02:37:56.972Z {"simTime":"1978-07-04T17:10:05.160Z","states":{"timeOfDay":"day","sky":"few","precip":"none","wind":"light","comfort":"warm"},"luminance":0.8889198851311179}
2026-02-03T02:38:01.977Z {"simTime":"1978-07-04T17:15:05.400Z","states":{"timeOfDay":"day","sky":"few","precip":"none","wind":"light","comfort":"warm"},"luminance":0.8852671029710738}
2026-02-03T02:38:06.983Z {"simTime":"1978-07-04T17:20:05.820Z","states":{"timeOfDay":"day","sky":"few","precip":"none","wind":"light","comfort":"warm"},"luminance":0.8831101716333893}
2026-02-03T02:38:11.989Z {"simTime":"1978-07-04T17:25:06.180Z","states":{"timeOfDay":"day","sky":"few","precip":"none","wind":"light","comfort":"warm"},"luminance":0.8737065252478}
2026-02-03T02:38:16.994Z {"simTime":"1978-07-04T17:30:06.480Z","states":{"timeOfDay":"day","sky":"few","precip":"none","wind":"light","comfort":"warm"},"luminance":0.8639984660935733}
2026-02-03T02:38:21.998Z {"simTime":"1978-07-04T17:35:06.720Z","states":{"timeOfDay":"day","sky":"few","precip":"none","wind":"light","comfort":"warm"},"luminance":0.858265954243594}
2026-02-03T02:38:27.004Z {"simTime":"1978-07-04T17:40:07.080Z","states":{"timeOfDay":"day","sky":"few","precip":"none","wind":"light","comfort":"warm"},"luminance":0.8467509633212997}
2026-02-03T02:38:32.009Z {"simTime":"1978-07-04T17:45:07.320Z","states":{"timeOfDay":"day","sky":"few","precip":"none","wind":"light","comfort":"warm"},"luminance":0.8357961763315942}
2026-02-03T02:38:37.014Z {"simTime":"1978-07-04T17:50:07.680Z","states":{"timeOfDay":"day","sky":"few","precip":"none","wind":"light","comfort":"warm"},"luminance":0.829327484162043}
2026-02-03T02:38:42.019Z {"simTime":"1978-07-04T17:55:07.980Z","states":{"timeOfDay":"day","sky":"few","precip":"none","wind":"breezy","comfort":"warm"},"luminance":0.8173777861228447}
2026-02-03T02:38:47.025Z {"simTime":"1978-07-04T18:00:08.340Z","states":{"timeOfDay":"day","sky":"few","precip":"none","wind":"breezy","comfort":"warm"},"luminance":0.8061663089276786}
2026-02-03T02:38:52.029Z {"simTime":"1978-07-04T18:05:08.580Z","states":{"timeOfDay":"day","sky":"few","precip":"none","wind":"breezy","comfort":"warm"},"luminance":0.799546043758705}
2026-02-03T02:38:57.035Z {"simTime":"1978-07-04T18:10:08.940Z","states":{"timeOfDay":"day","sky":"few","precip":"none","wind":"breezy","comfort":"warm"},"luminance":0.7766668433790777}
2026-02-03T02:39:02.043Z {"simTime":"1978-07-04T18:15:09.360Z","states":{"timeOfDay":"day","sky":"few","precip":"none","wind":"breezy","comfort":"warm"},"luminance":0.7534612043469116}
2026-02-03T02:39:07.054Z {"simTime":"1978-07-04T18:20:10.080Z","states":{"timeOfDay":"day","sky":"few","precip":"none","wind":"breezy","comfort":"warm"},"luminance":0.7397585065548078}
2026-02-03T02:39:12.060Z {"simTime":"1978-07-04T18:25:10.380Z","states":{"timeOfDay":"day","sky":"scattered","precip":"none","wind":"light","comfort":"warm"},"luminance":0.7154072005355485}
2026-02-03T02:39:17.065Z {"simTime":"1978-07-04T18:30:10.740Z","states":{"timeOfDay":"day","sky":"scattered","precip":"none","wind":"light","comfort":"warm"},"luminance":0.692717397844236}
2026-02-03T02:39:22.069Z {"simTime":"1978-07-04T18:35:10.980Z","states":{"timeOfDay":"day","sky":"scattered","precip":"none","wind":"light","comfort":"warm"},"luminance":0.6793192962530429}
2026-02-03T02:39:27.075Z {"simTime":"1978-07-04T18:40:11.280Z","states":{"timeOfDay":"day","sky":"scattered","precip":"none","wind":"light","comfort":"warm"},"luminance":0.6551478512444592}
2026-02-03T02:39:32.080Z {"simTime":"1978-07-04T18:45:11.640Z","states":{"timeOfDay":"day","sky":"scattered","precip":"none","wind":"light","comfort":"warm"},"luminance":0.6325642546813408}
2026-02-03T02:39:37.086Z {"simTime":"1978-07-04T18:50:12.000Z","states":{"timeOfDay":"day","sky":"scattered","precip":"none","wind":"light","comfort":"warm"},"luminance":0.619228866746785}
2026-02-03T02:39:42.091Z {"simTime":"1978-07-04T18:55:12.300Z","states":{"timeOfDay":"day","sky":"scattered","precip":"none","wind":"light","comfort":"warm"},"luminance":0.597804453525309}
2026-02-03T02:39:47.095Z {"simTime":"1978-07-04T19:00:12.540Z","states":{"timeOfDay":"day","sky":"scattered","precip":"none","wind":"light","comfort":"warm"},"luminance":0.5782280517621597}
2026-02-03T02:39:52.100Z {"simTime":"1978-07-04T19:05:12.840Z","states":{"timeOfDay":"day","sky":"scattered","precip":"none","wind":"light","comfort":"warm"},"luminance":0.5666683822850378}
2026-02-03T02:39:57.106Z {"simTime":"1978-07-04T19:10:13.200Z","states":{"timeOfDay":"day","sky":"scattered","precip":"none","wind":"light","comfort":"warm"},"luminance":0.5598425130554919}
2026-02-03T02:40:02.113Z {"simTime":"1978-07-04T19:15:13.620Z","states":{"timeOfDay":"day","sky":"scattered","precip":"none","wind":"light","comfort":"warm"},"luminance":0.5558119055341374}
2026-02-03T02:40:07.118Z {"simTime":"1978-07-04T19:20:13.920Z","states":{"timeOfDay":"day","sky":"scattered","precip":"none","wind":"light","comfort":"warm"},"luminance":0.5534318720988528}
2026-02-03T02:40:12.122Z {"simTime":"1978-07-04T19:25:14.160Z","states":{"timeOfDay":"day","sky":"scattered","precip":"none","wind":"light","comfort":"warm"},"luminance":0.5520264861556516}
2026-02-03T02:40:17.127Z {"simTime":"1978-07-04T19:30:14.460Z","states":{"timeOfDay":"day","sky":"scattered","precip":"none","wind":"light","comfort":"warm"},"luminance":0.5511966198100507}
2026-02-03T02:40:22.133Z {"simTime":"1978-07-04T19:35:14.760Z","states":{"timeOfDay":"day","sky":"scattered","precip":"none","wind":"light","comfort":"warm"},"luminance":0.5507065920316367}
2026-02-03T02:40:27.137Z {"simTime":"1978-07-04T19:40:15.060Z","states":{"timeOfDay":"day","sky":"scattered","precip":"none","wind":"light","comfort":"warm"},"luminance":0.5504172355287612}
2026-02-03T02:40:32.143Z {"simTime":"1978-07-04T19:45:15.420Z","states":{"timeOfDay":"day","sky":"scattered","precip":"none","wind":"light","comfort":"warm"},"luminance":0.5502463734073783}
2026-02-03T02:40:37.148Z {"simTime":"1978-07-04T19:50:15.720Z","states":{"timeOfDay":"day","sky":"scattered","precip":"none","wind":"light","comfort":"warm"},"luminance":0.5501454810333227}
2026-02-03T02:40:42.154Z {"simTime":"1978-07-04T19:55:16.080Z","states":{"timeOfDay":"day","sky":"scattered","precip":"none","wind":"light","comfort":"warm"},"luminance":0.5500859050953668}
2026-02-03T02:40:47.162Z {"simTime":"1978-07-04T20:00:16.560Z","states":{"timeOfDay":"day","sky":"scattered","precip":"none","wind":"light","comfort":"warm"},"luminance":0.5500507260997631}
2026-02-03T02:40:52.166Z {"simTime":"1978-07-04T20:05:16.740Z","states":{"timeOfDay":"day","sky":"scattered","precip":"none","wind":"light","comfort":"warm"},"luminance":0.5500299532546491}
2026-02-03T02:40:57.172Z {"simTime":"1978-07-04T20:10:17.100Z","states":{"timeOfDay":"day","sky":"scattered","precip":"none","wind":"light","comfort":"warm"},"luminance":0.5500176870973378}
2026-02-03T02:41:02.181Z {"simTime":"1978-07-04T20:15:17.640Z","states":{"timeOfDay":"day","sky":"scattered","precip":"none","wind":"light","comfort":"warm"},"luminance":0.550010444054107}
2026-02-03T02:41:07.186Z {"simTime":"1978-07-04T20:20:18.000Z","states":{"timeOfDay":"day","sky":"scattered","precip":"none","wind":"light","comfort":"warm"},"luminance":0.5500061671095097}
2026-02-03T02:41:12.189Z {"simTime":"1978-07-04T20:25:18.180Z","states":{"timeOfDay":"day","sky":"scattered","precip":"none","wind":"light","comfort":"warm"},"luminance":0.5500036416164943}
2026-02-03T02:41:17.197Z {"simTime":"1978-07-04T20:30:18.660Z","states":{"timeOfDay":"day","sky":"scattered","precip":"none","wind":"light","comfort":"warm"},"luminance":0.5500021503381237}
2026-02-03T02:41:22.202Z {"simTime":"1978-07-04T20:35:18.960Z","states":{"timeOfDay":"day","sky":"scattered","precip":"none","wind":"light","comfort":"warm"},"luminance":0.5500012697531587}
2026-02-03T02:41:27.208Z {"simTime":"1978-07-04T20:40:19.320Z","states":{"timeOfDay":"day","sky":"scattered","precip":"none","wind":"light","comfort":"warm"},"luminance":0.5500007497765427}
2026-02-03T02:41:32.212Z {"simTime":"1978-07-04T20:45:19.560Z","states":{"timeOfDay":"day","sky":"scattered","precip":"none","wind":"light","comfort":"warm"},"luminance":0.5500004427355507}
2026-02-03T02:41:37.218Z {"simTime":"1978-07-04T20:50:19.920Z","states":{"timeOfDay":"day","sky":"scattered","precip":"none","wind":"light","comfort":"warm"},"luminance":0.5500002614309154}
2026-02-03T02:41:42.222Z {"simTime":"1978-07-04T20:55:20.160Z","states":{"timeOfDay":"day","sky":"scattered","precip":"none","wind":"light","comfort":"warm"},"luminance":0.5500001543723413}
2026-02-03T02:41:47.229Z {"simTime":"1978-07-04T21:00:20.520Z","states":{"timeOfDay":"day","sky":"scattered","precip":"none","wind":"light","comfort":"warm"},"luminance":0.5500000911553238}
2026-02-03T02:41:52.236Z {"simTime":"1978-07-04T21:05:20.940Z","states":{"timeOfDay":"afternoon","sky":"few","precip":"none","wind":"light","comfort":"warm"},"luminance":0.504953953826307}
2026-02-03T02:41:57.242Z {"simTime":"1978-07-04T21:10:21.300Z","states":{"timeOfDay":"afternoon","sky":"few","precip":"none","wind":"light","comfort":"warm"},"luminance":0.46209466019489603}
2026-02-03T02:42:02.248Z {"simTime":"1978-07-04T21:15:21.720Z","states":{"timeOfDay":"afternoon","sky":"few","precip":"none","wind":"light","comfort":"warm"},"luminance":0.42847607589848413}
2026-02-03T02:42:07.253Z {"simTime":"1978-07-04T21:20:21.960Z","states":{"timeOfDay":"afternoon","sky":"few","precip":"none","wind":"light","comfort":"warm"},"luminance":0.4086246380572959}
2026-02-03T02:42:12.259Z {"simTime":"1978-07-04T21:25:22.320Z","states":{"timeOfDay":"afternoon","sky":"few","precip":"none","wind":"light","comfort":"warm"},"luminance":0.3833525625264526}
2026-02-03T02:42:17.270Z {"simTime":"1978-07-04T21:30:22.860Z","states":{"timeOfDay":"afternoon","sky":"few","precip":"none","wind":"light","comfort":"warm"},"luminance":0.361504154646245}
2026-02-03T02:42:22.277Z {"simTime":"1978-07-04T21:35:23.400Z","states":{"timeOfDay":"afternoon","sky":"few","precip":"none","wind":"light","comfort":"warm"},"luminance":0.3486028882770612}
2026-02-03T02:42:27.289Z {"simTime":"1978-07-04T21:40:24.120Z","states":{"timeOfDay":"afternoon","sky":"scattered","precip":"none","wind":"calm","comfort":"warm"},"luminance":0.3301448194987219}
2026-02-03T02:42:32.293Z {"simTime":"1978-07-04T21:45:24.420Z","states":{"timeOfDay":"afternoon","sky":"scattered","precip":"none","wind":"calm","comfort":"warm"},"luminance":0.3137051144658003}
2026-02-03T02:42:37.300Z {"simTime":"1978-07-04T21:50:24.840Z","states":{"timeOfDay":"afternoon","sky":"scattered","precip":"none","wind":"calm","comfort":"warm"},"luminance":0.30399763304091043}
2026-02-03T02:42:42.307Z {"simTime":"1978-07-04T21:55:25.260Z","states":{"timeOfDay":"afternoon","sky":"scattered","precip":"none","wind":"calm","comfort":"warm"},"luminance":0.2847154623343272}
2026-02-03T02:42:47.312Z {"simTime":"1978-07-04T22:00:25.560Z","states":{"timeOfDay":"afternoon","sky":"scattered","precip":"none","wind":"calm","comfort":"warm"},"luminance":0.26640403335379687}
2026-02-03T02:42:52.319Z {"simTime":"1978-07-04T22:05:25.980Z","states":{"timeOfDay":"afternoon","sky":"scattered","precip":"none","wind":"calm","comfort":"warm"},"luminance":0.25559131765508347}
2026-02-03T02:42:57.323Z {"simTime":"1978-07-04T22:10:26.220Z","states":{"timeOfDay":"afternoon","sky":"scattered","precip":"none","wind":"calm","comfort":"warm"},"luminance":0.2464965171621502}
2026-02-03T02:43:02.329Z {"simTime":"1978-07-04T22:15:26.580Z","states":{"timeOfDay":"afternoon","sky":"scattered","precip":"none","wind":"calm","comfort":"warm"},"luminance":0.2397410284190781}
2026-02-03T02:43:07.334Z {"simTime":"1978-07-04T22:20:26.880Z","states":{"timeOfDay":"afternoon","sky":"scattered","precip":"none","wind":"calm","comfort":"warm"},"luminance":0.23575197987118143}
2026-02-03T02:43:12.341Z {"simTime":"1978-07-04T22:25:27.240Z","states":{"timeOfDay":"afternoon","sky":"scattered","precip":"none","wind":"calm","comfort":"warm"},"luminance":0.23068648659413393}
2026-02-03T02:43:17.346Z {"simTime":"1978-07-04T22:30:27.600Z","states":{"timeOfDay":"afternoon","sky":"scattered","precip":"none","wind":"calm","comfort":"warm"},"luminance":0.22631026346897015}
2026-02-03T02:43:22.350Z {"simTime":"1978-07-04T22:35:27.840Z","states":{"timeOfDay":"afternoon","sky":"scattered","precip":"none","wind":"calm","comfort":"warm"},"luminance":0.22372614747579217}
2026-02-03T02:43:27.355Z {"simTime":"1978-07-04T22:40:28.140Z","states":{"timeOfDay":"afternoon","sky":"few","precip":"none","wind":"calm","comfort":"warm"},"luminance":0.21678025282298052}
2026-02-03T02:43:32.360Z {"simTime":"1978-07-04T22:45:28.440Z","states":{"timeOfDay":"afternoon","sky":"few","precip":"none","wind":"calm","comfort":"warm"},"luminance":0.20990857148944175}
2026-02-03T02:43:37.365Z {"simTime":"1978-07-04T22:50:28.740Z","states":{"timeOfDay":"afternoon","sky":"few","precip":"none","wind":"calm","comfort":"warm"},"luminance":0.2058509123788005}
2026-02-03T02:43:42.372Z {"simTime":"1978-07-04T22:55:29.160Z","states":{"timeOfDay":"dusk","sky":"few","precip":"none","wind":"calm","comfort":"warm"},"luminance":0.1980349052505579}
2026-02-03T02:43:47.376Z {"simTime":"1978-07-04T23:00:29.400Z","states":{"timeOfDay":"dusk","sky":"few","precip":"none","wind":"calm","comfort":"warm"},"luminance":0.19064943120140193}
2026-02-03T02:43:52.382Z {"simTime":"1978-07-04T23:05:29.760Z","states":{"timeOfDay":"dusk","sky":"few","precip":"none","wind":"calm","comfort":"warm"},"luminance":0.18628838263011582}
2026-02-03T02:43:57.386Z {"simTime":"1978-07-04T23:10:30.000Z","states":{"timeOfDay":"dusk","sky":"few","precip":"none","wind":"light","comfort":"comfortable"},"luminance":0.17016322705925707}
2026-02-03T02:44:02.391Z {"simTime":"1978-07-04T23:15:30.300Z","states":{"timeOfDay":"dusk","sky":"few","precip":"none","wind":"light","comfort":"comfortable"},"luminance":0.1537159839462207}
2026-02-03T02:44:07.397Z {"simTime":"1978-07-04T23:20:30.660Z","states":{"timeOfDay":"dusk","sky":"few","precip":"none","wind":"light","comfort":"comfortable"},"luminance":0.1440040513604039}
2026-02-03T02:44:12.402Z {"simTime":"1978-07-04T23:25:30.960Z","states":{"timeOfDay":"twilight","sky":"few","precip":"none","wind":"light","comfort":"comfortable"},"luminance":0.1143941522878049}
2026-02-03T02:44:17.406Z {"simTime":"1978-07-04T23:30:31.200Z","states":{"timeOfDay":"twilight","sky":"few","precip":"none","wind":"light","comfort":"comfortable"},"luminance":0.08470707198442592}
2026-02-03T02:44:22.412Z {"simTime":"1978-07-04T23:35:31.560Z","states":{"timeOfDay":"twilight","sky":"few","precip":"none","wind":"light","comfort":"comfortable"},"luminance":0.06717714793608366}
2026-02-03T02:44:27.416Z {"simTime":"1978-07-04T23:40:31.800Z","states":{"timeOfDay":"twilight","sky":"scattered","precip":"none","wind":"light","comfort":"comfortable"},"luminance":0.056419403084778046}
2026-02-03T02:44:32.421Z {"simTime":"1978-07-04T23:45:32.100Z","states":{"timeOfDay":"twilight","sky":"scattered","precip":"none","wind":"light","comfort":"comfortable"},"luminance":0.0498592973275306}
2026-02-03T02:44:37.425Z {"simTime":"1978-07-04T23:50:32.340Z","states":{"timeOfDay":"twilight","sky":"scattered","precip":"none","wind":"light","comfort":"comfortable"},"luminance":0.045985620478933543}
2026-02-03T02:44:42.432Z {"simTime":"1978-07-04T23:55:32.760Z","states":{"timeOfDay":"twilight","sky":"scattered","precip":"none","wind":"breezy","comfort":"comfortable"},"luminance":0.04329175303660547}
2026-02-03T02:44:47.442Z {"simTime":"1978-07-05T00:00:33.300Z","states":{"timeOfDay":"twilight","sky":"scattered","precip":"none","wind":"breezy","comfort":"comfortable"},"luminance":0.04149328625058517}
2026-02-03T02:44:52.446Z {"simTime":"1978-07-05T00:05:33.600Z","states":{"timeOfDay":"twilight","sky":"scattered","precip":"none","wind":"breezy","comfort":"comfortable"},"luminance":0.040431309598108034}
2026-02-03T02:44:57.452Z {"simTime":"1978-07-05T00:10:33.960Z","states":{"timeOfDay":"twilight","sky":"scattered","precip":"none","wind":"breezy","comfort":"comfortable"},"luminance":0.03980422300458682}
2026-02-03T02:45:02.457Z {"simTime":"1978-07-05T00:15:34.260Z","states":{"timeOfDay":"twilight","sky":"scattered","precip":"none","wind":"breezy","comfort":"comfortable"},"luminance":0.039433934641978474}
2026-02-03T02:45:07.462Z {"simTime":"1978-07-05T00:20:34.560Z","states":{"timeOfDay":"twilight","sky":"scattered","precip":"none","wind":"breezy","comfort":"comfortable"},"luminance":0.03921528306674187}
2026-02-03T02:45:12.466Z {"simTime":"1978-07-05T00:25:34.800Z","states":{"timeOfDay":"twilight","sky":"scattered","precip":"none","wind":"breezy","comfort":"comfortable"},"luminance":0.03908617149808041}
2026-02-03T02:45:17.471Z {"simTime":"1978-07-05T00:30:35.100Z","states":{"timeOfDay":"twilight","sky":"scattered","precip":"none","wind":"breezy","comfort":"comfortable"},"luminance":0.03900993240790151}
2026-02-03T02:45:22.476Z {"simTime":"1978-07-05T00:35:35.400Z","states":{"timeOfDay":"twilight","sky":"scattered","precip":"none","wind":"breezy","comfort":"comfortable"},"luminance":0.03896491398754176}
2026-02-03T02:45:27.482Z {"simTime":"1978-07-05T00:40:35.760Z","states":{"timeOfDay":"twilight","sky":"scattered","precip":"none","wind":"breezy","comfort":"comfortable"},"luminance":0.03893833106050354}
2026-02-03T02:45:32.487Z {"simTime":"1978-07-05T00:45:36.060Z","states":{"timeOfDay":"twilight","sky":"scattered","precip":"none","wind":"breezy","comfort":"comfortable"},"luminance":0.038922634107916736}
2026-02-03T02:45:37.492Z {"simTime":"1978-07-05T00:50:36.360Z","states":{"timeOfDay":"twilight","sky":"scattered","precip":"none","wind":"breezy","comfort":"comfortable"},"luminance":0.03891336521438375}
2026-02-03T02:45:42.497Z {"simTime":"1978-07-05T00:55:36.600Z","states":{"timeOfDay":"twilight","sky":"scattered","precip":"none","wind":"breezy","comfort":"comfortable"},"luminance":0.03890789202544146}
2026-02-03T02:45:47.502Z {"simTime":"1978-07-05T01:00:36.960Z","states":{"timeOfDay":"twilight","sky":"scattered","precip":"none","wind":"breezy","comfort":"comfortable"},"luminance":0.038904660162102936}
2026-02-03T02:45:52.507Z {"simTime":"1978-07-05T01:05:37.260Z","states":{"timeOfDay":"twilight","sky":"scattered","precip":"none","wind":"breezy","comfort":"comfortable"},"luminance":0.03890275177912017}
2026-02-03T02:45:57.512Z {"simTime":"1978-07-05T01:10:37.560Z","states":{"timeOfDay":"twilight","sky":"scattered","precip":"none","wind":"breezy","comfort":"comfortable"},"luminance":0.03890162489805267}
2026-02-03T02:46:02.517Z {"simTime":"1978-07-05T01:15:37.860Z","states":{"timeOfDay":"twilight","sky":"scattered","precip":"none","wind":"breezy","comfort":"comfortable"},"luminance":0.03890095948605112}
2026-02-03T02:46:07.522Z {"simTime":"1978-07-05T01:20:38.160Z","states":{"timeOfDay":"twilight","sky":"scattered","precip":"none","wind":"breezy","comfort":"comfortable"},"luminance":0.03890056656691833}
2026-02-03T02:46:12.527Z {"simTime":"1978-07-05T01:25:38.460Z","states":{"timeOfDay":"twilight","sky":"scattered","precip":"none","wind":"breezy","comfort":"comfortable"},"luminance":0.03890033455209961}
2026-02-03T02:46:17.532Z {"simTime":"1978-07-05T01:30:38.760Z","states":{"timeOfDay":"twilight","sky":"scattered","precip":"none","wind":"breezy","comfort":"comfortable"},"luminance":0.0389001975496693}
2026-02-03T02:46:22.537Z {"simTime":"1978-07-05T01:35:39.060Z","states":{"timeOfDay":"twilight","sky":"scattered","precip":"none","wind":"breezy","comfort":"comfortable"},"luminance":0.038900116651104225}
2026-02-03T02:46:27.541Z {"simTime":"1978-07-05T01:40:39.300Z","states":{"timeOfDay":"twilight","sky":"scattered","precip":"none","wind":"breezy","comfort":"comfortable"},"luminance":0.038900068881310534}
2026-02-03T02:46:32.547Z {"simTime":"1978-07-05T01:45:39.600Z","states":{"timeOfDay":"twilight","sky":"scattered","precip":"none","wind":"breezy","comfort":"comfortable"},"luminance":0.03890004067372506}
2026-02-03T02:46:37.551Z {"simTime":"1978-07-05T01:50:39.900Z","states":{"timeOfDay":"twilight","sky":"scattered","precip":"none","wind":"breezy","comfort":"comfortable"},"luminance":0.03890002401742791}
2026-02-03T02:46:42.555Z {"simTime":"1978-07-05T01:55:40.140Z","states":{"timeOfDay":"twilight","sky":"scattered","precip":"none","wind":"breezy","comfort":"comfortable"},"luminance":0.03890001418205101}
2026-02-03T02:46:47.561Z {"simTime":"1978-07-05T02:00:40.500Z","states":{"timeOfDay":"twilight","sky":"scattered","precip":"none","wind":"breezy","comfort":"comfortable"},"luminance":0.03890000837435931}
2026-02-03T02:46:52.566Z {"simTime":"1978-07-05T02:05:40.800Z","states":{"timeOfDay":"night","sky":"scattered","precip":"none","wind":"light","comfort":"comfortable"},"luminance":0.037917180944975426}
2026-02-03T02:46:57.572Z {"simTime":"1978-07-05T02:10:41.100Z","states":{"timeOfDay":"night","sky":"scattered","precip":"none","wind":"light","comfort":"cool"},"luminance":0.03733683117619854}
2026-02-03T02:47:02.575Z {"simTime":"1978-07-05T02:15:41.340Z","states":{"timeOfDay":"night","sky":"scattered","precip":"none","wind":"light","comfort":"cool"},"luminance":0.03699414044123348}
2026-02-03T02:47:07.581Z {"simTime":"1978-07-05T02:20:41.700Z","states":{"timeOfDay":"night","sky":"scattered","precip":"none","wind":"light","comfort":"cool"},"luminance":0.03679178498914396}
2026-02-03T02:47:12.586Z {"simTime":"1978-07-05T02:25:42.000Z","states":{"timeOfDay":"night","sky":"scattered","precip":"none","wind":"light","comfort":"cool"},"luminance":0.036672296118239626}
2026-02-03T02:47:17.591Z {"simTime":"1978-07-05T02:30:42.300Z","states":{"timeOfDay":"night","sky":"scattered","precip":"none","wind":"light","comfort":"cool"},"luminance":0.03660173913485932}
2026-02-03T02:47:22.596Z {"simTime":"1978-07-05T02:35:42.600Z","states":{"timeOfDay":"night","sky":"scattered","precip":"none","wind":"light","comfort":"cool"},"luminance":0.03656007594174308}
2026-02-03T02:47:27.601Z {"simTime":"1978-07-05T02:40:42.900Z","states":{"timeOfDay":"night","sky":"scattered","precip":"none","wind":"light","comfort":"cool"},"luminance":0.03653547424283987}
2026-02-03T02:47:32.607Z {"simTime":"1978-07-05T02:45:43.260Z","states":{"timeOfDay":"night","sky":"scattered","precip":"none","wind":"light","comfort":"cool"},"luminance":0.03652094718565452}
2026-02-03T02:47:37.611Z {"simTime":"1978-07-05T02:50:43.500Z","states":{"timeOfDay":"night","sky":"scattered","precip":"none","wind":"light","comfort":"cool"},"luminance":0.03651236910365714}
2026-02-03T02:47:42.616Z {"simTime":"1978-07-05T02:55:43.800Z","states":{"timeOfDay":"night","sky":"scattered","precip":"none","wind":"light","comfort":"cool"},"luminance":0.03650730383201851}
2026-02-03T02:47:47.622Z {"simTime":"1978-07-05T03:00:44.100Z","states":{"timeOfDay":"night","sky":"scattered","precip":"none","wind":"light","comfort":"cool"},"luminance":0.036504312839768606}
2026-02-03T02:47:52.627Z {"simTime":"1978-07-05T03:05:44.460Z","states":{"timeOfDay":"night","sky":"scattered","precip":"none","wind":"light","comfort":"cool"},"luminance":0.036502546688754973}
2026-02-03T02:47:57.631Z {"simTime":"1978-07-05T03:10:44.700Z","states":{"timeOfDay":"night","sky":"scattered","precip":"none","wind":"light","comfort":"cool"},"luminance":0.03658280379424293}
2026-02-03T02:48:02.636Z {"simTime":"1978-07-05T03:15:45.000Z","states":{"timeOfDay":"night","sky":"scattered","precip":"none","wind":"light","comfort":"cool"},"luminance":0.036671747812462505}
2026-02-03T02:48:07.642Z {"simTime":"1978-07-05T03:20:45.360Z","states":{"timeOfDay":"night","sky":"scattered","precip":"none","wind":"light","comfort":"cool"},"luminance":0.036724268365780986}
2026-02-03T02:48:12.647Z {"simTime":"1978-07-05T03:25:45.660Z","states":{"timeOfDay":"night","sky":"scattered","precip":"none","wind":"light","comfort":"cool"},"luminance":0.03691788122731002}
2026-02-03T02:48:17.652Z {"simTime":"1978-07-05T03:30:45.960Z","states":{"timeOfDay":"night","sky":"scattered","precip":"none","wind":"light","comfort":"cool"},"luminance":0.037115313685914295}
2026-02-03T02:48:22.658Z {"simTime":"1978-07-05T03:35:46.320Z","states":{"timeOfDay":"night","sky":"scattered","precip":"none","wind":"light","comfort":"cool"},"luminance":0.037231895578395534}
2026-02-03T02:48:27.662Z {"simTime":"1978-07-05T03:40:46.560Z","states":{"timeOfDay":"night","sky":"scattered","precip":"none","wind":"calm","comfort":"cool"},"luminance":0.03738203602008677}
2026-02-03T02:48:32.667Z {"simTime":"1978-07-05T03:45:46.860Z","states":{"timeOfDay":"night","sky":"scattered","precip":"none","wind":"calm","comfort":"cool"},"luminance":0.03751224544950104}
2026-02-03T02:48:37.672Z {"simTime":"1978-07-05T03:50:47.160Z","states":{"timeOfDay":"night","sky":"scattered","precip":"none","wind":"calm","comfort":"cool"},"luminance":0.037589132815475865}
2026-02-03T02:48:42.678Z {"simTime":"1978-07-05T03:55:47.520Z","states":{"timeOfDay":"night","sky":"scattered","precip":"none","wind":"calm","comfort":"cool"},"luminance":0.037715834036210344}
2026-02-03T02:48:47.683Z {"simTime":"1978-07-05T04:00:47.760Z","states":{"timeOfDay":"night","sky":"scattered","precip":"none","wind":"calm","comfort":"cool"},"luminance":0.037832202840041844}
2026-02-03T02:48:52.687Z {"simTime":"1978-07-05T04:05:48.060Z","states":{"timeOfDay":"night","sky":"scattered","precip":"none","wind":"calm","comfort":"cool"},"luminance":0.03790091745501631}
2026-02-03T02:49:00.085Z {"simTime":"1978-07-04T16:05:00.480Z","states":{"timeOfDay":"day","sky":"scattered","precip":"none","wind":"light","comfort":"warm"},"luminance":0.78}
2026-02-03T02:49:05.089Z {"simTime":"1978-07-04T16:10:00.780Z","states":{"timeOfDay":"day","sky":"scattered","precip":"none","wind":"light","comfort":"warm"},"luminance":0.7881300000000001}
2026-02-03T02:49:10.095Z {"simTime":"1978-07-04T16:15:01.140Z","states":{"timeOfDay":"day","sky":"scattered","precip":"none","wind":"light","comfort":"warm"},"luminance":0.7970859837000002}
2026-02-03T02:49:15.100Z {"simTime":"1978-07-04T16:20:01.380Z","states":{"timeOfDay":"day","sky":"scattered","precip":"none","wind":"light","comfort":"warm"},"luminance":0.8023744025150131}
2026-02-03T02:49:20.105Z {"simTime":"1978-07-04T16:25:01.740Z","states":{"timeOfDay":"day","sky":"few","precip":"none","wind":"light","comfort":"warm"},"luminance":0.8136271609410901}
2026-02-03T02:49:25.110Z {"simTime":"1978-07-04T16:30:02.040Z","states":{"timeOfDay":"day","sky":"few","precip":"none","wind":"light","comfort":"warm"},"luminance":0.8244271022641043}
2026-02-03T02:49:30.116Z {"simTime":"1978-07-04T16:35:02.400Z","states":{"timeOfDay":"day","sky":"few","precip":"none","wind":"light","comfort":"warm"},"luminance":0.8308043596159309}
2026-02-03T02:49:35.120Z {"simTime":"1978-07-04T16:40:02.640Z","states":{"timeOfDay":"day","sky":"few","precip":"none","wind":"light","comfort":"warm"},"luminance":0.8427000663096111}
2026-02-03T02:49:40.127Z {"simTime":"1978-07-04T16:45:03.060Z","states":{"timeOfDay":"day","sky":"few","precip":"none","wind":"light","comfort":"warm"},"luminance":0.8538796621551622}
2026-02-03T02:49:45.131Z {"simTime":"1978-07-04T16:50:03.300Z","states":{"timeOfDay":"day","sky":"few","precip":"none","wind":"light","comfort":"warm"},"luminance":0.8604811017060018}
2026-02-03T02:49:50.137Z {"simTime":"1978-07-04T16:55:03.660Z","states":{"timeOfDay":"day","sky":"few","precip":"none","wind":"light","comfort":"warm"},"luminance":0.872509185746377}
2026-02-03T02:49:55.143Z {"simTime":"1978-07-04T17:00:04.020Z","states":{"timeOfDay":"day","sky":"few","precip":"none","wind":"light","comfort":"warm"},"luminance":0.8837669490913782}
2026-02-03T02:50:00.147Z {"simTime":"1978-07-04T17:05:04.260Z","states":{"timeOfDay":"day","sky":"few","precip":"none","wind":"light","comfort":"warm"},"luminance":0.8904145457689678}
2026-02-03T02:50:05.153Z {"simTime":"1978-07-04T17:10:04.620Z","states":{"timeOfDay":"day","sky":"few","precip":"none","wind":"light","comfort":"warm"},"luminance":0.8889198851311179}
2026-02-03T02:50:10.158Z {"simTime":"1978-07-04T17:15:04.920Z","states":{"timeOfDay":"day","sky":"few","precip":"none","wind":"light","comfort":"warm"},"luminance":0.8852671029710738}
2026-02-03T02:50:15.164Z {"simTime":"1978-07-04T17:20:05.220Z","states":{"timeOfDay":"day","sky":"few","precip":"none","wind":"light","comfort":"warm"},"luminance":0.8831101716333893}
2026-02-03T02:50:20.169Z {"simTime":"1978-07-04T17:25:05.580Z","states":{"timeOfDay":"day","sky":"few","precip":"none","wind":"light","comfort":"warm"},"luminance":0.8737065252478}
2026-02-03T02:50:25.173Z {"simTime":"1978-07-04T17:30:05.820Z","states":{"timeOfDay":"day","sky":"few","precip":"none","wind":"light","comfort":"warm"},"luminance":0.8639984660935733}
2026-02-03T02:50:30.178Z {"simTime":"1978-07-04T17:35:06.120Z","states":{"timeOfDay":"day","sky":"few","precip":"none","wind":"light","comfort":"warm"},"luminance":0.858265954243594}
2026-02-03T02:50:35.183Z {"simTime":"1978-07-04T17:40:06.420Z","states":{"timeOfDay":"day","sky":"few","precip":"none","wind":"light","comfort":"warm"},"luminance":0.8467509633212997}
2026-02-03T02:50:40.189Z {"simTime":"1978-07-04T17:45:06.780Z","states":{"timeOfDay":"day","sky":"few","precip":"none","wind":"light","comfort":"warm"},"luminance":0.8357961763315942}
2026-02-03T02:50:45.194Z {"simTime":"1978-07-04T17:50:07.080Z","states":{"timeOfDay":"day","sky":"few","precip":"none","wind":"light","comfort":"warm"},"luminance":0.829327484162043}
2026-02-03T02:50:50.200Z {"simTime":"1978-07-04T17:55:07.380Z","states":{"timeOfDay":"day","sky":"few","precip":"none","wind":"breezy","comfort":"warm"},"luminance":0.8173777861228447}
2026-02-03T02:50:55.205Z {"simTime":"1978-07-04T18:00:07.740Z","states":{"timeOfDay":"day","sky":"few","precip":"none","wind":"breezy","comfort":"warm"},"luminance":0.8061663089276786}
2026-02-03T02:51:00.210Z {"simTime":"1978-07-04T18:05:08.040Z","states":{"timeOfDay":"day","sky":"few","precip":"none","wind":"breezy","comfort":"warm"},"luminance":0.799546043758705}
2026-02-03T02:51:05.215Z {"simTime":"1978-07-04T18:10:08.340Z","states":{"timeOfDay":"day","sky":"few","precip":"none","wind":"breezy","comfort":"warm"},"luminance":0.7766668433790777}
2026-02-03T02:51:10.220Z {"simTime":"1978-07-04T18:15:08.640Z","states":{"timeOfDay":"day","sky":"few","precip":"none","wind":"breezy","comfort":"warm"},"luminance":0.7534612043469116}
2026-02-03T02:51:15.225Z {"simTime":"1978-07-04T18:20:08.940Z","states":{"timeOfDay":"day","sky":"few","precip":"none","wind":"breezy","comfort":"warm"},"luminance":0.7397585065548078}
2026-02-03T02:51:20.227Z {"simTime":"1978-07-04T18:25:09.060Z","states":{"timeOfDay":"day","sky":"scattered","precip":"none","wind":"light","comfort":"warm"},"luminance":0.7154072005355485}
2026-02-03T02:51:25.234Z {"simTime":"1978-07-04T18:30:09.480Z","states":{"timeOfDay":"day","sky":"scattered","precip":"none","wind":"light","comfort":"warm"},"luminance":0.692717397844236}
2026-02-03T02:51:30.241Z {"simTime":"1978-07-04T18:35:09.780Z","states":{"timeOfDay":"day","sky":"scattered","precip":"none","wind":"light","comfort":"warm"},"luminance":0.6793192962530429}
2026-02-03T02:51:35.254Z {"simTime":"1978-07-04T18:40:10.680Z","states":{"timeOfDay":"day","sky":"scattered","precip":"none","wind":"light","comfort":"warm"},"luminance":0.6551478512444592}
2026-02-03T02:51:40.264Z {"simTime":"1978-07-04T18:45:11.280Z","states":{"timeOfDay":"day","sky":"scattered","precip":"none","wind":"light","comfort":"warm"},"luminance":0.6325642546813408}
2026-02-03T02:51:45.270Z {"simTime":"1978-07-04T18:50:11.580Z","states":{"timeOfDay":"day","sky":"scattered","precip":"none","wind":"light","comfort":"warm"},"luminance":0.619228866746785}
2026-02-03T02:51:50.275Z {"simTime":"1978-07-04T18:55:11.940Z","states":{"timeOfDay":"day","sky":"scattered","precip":"none","wind":"light","comfort":"warm"},"luminance":0.597804453525309}
2026-02-03T02:51:55.280Z {"simTime":"1978-07-04T19:00:12.180Z","states":{"timeOfDay":"day","sky":"scattered","precip":"none","wind":"light","comfort":"warm"},"luminance":0.5782280517621597}
2026-02-03T02:52:00.290Z {"simTime":"1978-07-04T19:05:12.780Z","states":{"timeOfDay":"day","sky":"scattered","precip":"none","wind":"light","comfort":"warm"},"luminance":0.5666683822850378}
2026-02-03T02:52:05.295Z {"simTime":"1978-07-04T19:10:13.140Z","states":{"timeOfDay":"day","sky":"scattered","precip":"none","wind":"light","comfort":"warm"},"luminance":0.5598425130554919}
2026-02-03T02:52:10.299Z {"simTime":"1978-07-04T19:15:13.380Z","states":{"timeOfDay":"day","sky":"scattered","precip":"none","wind":"light","comfort":"warm"},"luminance":0.5558119055341374}
2026-02-03T02:52:15.307Z {"simTime":"1978-07-04T19:20:13.860Z","states":{"timeOfDay":"day","sky":"scattered","precip":"none","wind":"light","comfort":"warm"},"luminance":0.5534318720988528}
2026-02-03T02:52:20.313Z {"simTime":"1978-07-04T19:25:14.220Z","states":{"timeOfDay":"day","sky":"scattered","precip":"none","wind":"light","comfort":"warm"},"luminance":0.5520264861556516}
2026-02-03T02:52:25.319Z {"simTime":"1978-07-04T19:30:14.580Z","states":{"timeOfDay":"day","sky":"scattered","precip":"none","wind":"light","comfort":"warm"},"luminance":0.5511966198100507}
2026-02-03T02:52:30.328Z {"simTime":"1978-07-04T19:35:15.120Z","states":{"timeOfDay":"day","sky":"scattered","precip":"none","wind":"light","comfort":"warm"},"luminance":0.5507065920316367}
2026-02-03T02:52:35.335Z {"simTime":"1978-07-04T19:40:15.480Z","states":{"timeOfDay":"day","sky":"scattered","precip":"none","wind":"light","comfort":"warm"},"luminance":0.5504172355287612}
2026-02-03T02:52:40.345Z {"simTime":"1978-07-04T19:45:16.140Z","states":{"timeOfDay":"day","sky":"scattered","precip":"none","wind":"light","comfort":"warm"},"luminance":0.5502463734073783}
2026-02-03T02:52:45.352Z {"simTime":"1978-07-04T19:50:16.560Z","states":{"timeOfDay":"day","sky":"scattered","precip":"none","wind":"light","comfort":"warm"},"luminance":0.5501454810333227}
2026-02-03T02:52:50.357Z {"simTime":"1978-07-04T19:55:16.860Z","states":{"timeOfDay":"day","sky":"scattered","precip":"none","wind":"light","comfort":"warm"},"luminance":0.5500859050953668}
2026-02-03T02:52:55.363Z {"simTime":"1978-07-04T20:00:17.160Z","states":{"timeOfDay":"day","sky":"scattered","precip":"none","wind":"light","comfort":"warm"},"luminance":0.5500507260997631}
2026-02-03T02:53:00.368Z {"simTime":"1978-07-04T20:05:17.520Z","states":{"timeOfDay":"day","sky":"scattered","precip":"none","wind":"light","comfort":"warm"},"luminance":0.5500299532546491}
2026-02-03T02:53:05.373Z {"simTime":"1978-07-04T20:10:17.820Z","states":{"timeOfDay":"day","sky":"scattered","precip":"none","wind":"light","comfort":"warm"},"luminance":0.5500176870973378}
2026-02-03T02:53:10.379Z {"simTime":"1978-07-04T20:15:18.180Z","states":{"timeOfDay":"day","sky":"scattered","precip":"none","wind":"light","comfort":"warm"},"luminance":0.550010444054107}
2026-02-03T02:53:15.383Z {"simTime":"1978-07-04T20:20:18.420Z","states":{"timeOfDay":"day","sky":"scattered","precip":"none","wind":"light","comfort":"warm"},"luminance":0.5500061671095097}
2026-02-03T02:53:20.388Z {"simTime":"1978-07-04T20:25:18.720Z","states":{"timeOfDay":"day","sky":"scattered","precip":"none","wind":"light","comfort":"warm"},"luminance":0.5500036416164943}
2026-02-03T02:53:25.394Z {"simTime":"1978-07-04T20:30:19.080Z","states":{"timeOfDay":"day","sky":"scattered","precip":"none","wind":"light","comfort":"warm"},"luminance":0.5500021503381237}
2026-02-03T02:53:30.399Z {"simTime":"1978-07-04T20:35:19.380Z","states":{"timeOfDay":"day","sky":"scattered","precip":"none","wind":"light","comfort":"warm"},"luminance":0.5500012697531587}
2026-02-03T02:53:35.403Z {"simTime":"1978-07-04T20:40:19.620Z","states":{"timeOfDay":"day","sky":"scattered","precip":"none","wind":"light","comfort":"warm"},"luminance":0.5500007497765427}
2026-02-03T02:53:40.408Z {"simTime":"1978-07-04T20:45:19.920Z","states":{"timeOfDay":"day","sky":"scattered","precip":"none","wind":"light","comfort":"warm"},"luminance":0.5500004427355507}
2026-02-03T02:53:45.414Z {"simTime":"1978-07-04T20:50:20.280Z","states":{"timeOfDay":"day","sky":"scattered","precip":"none","wind":"light","comfort":"warm"},"luminance":0.5500002614309154}
2026-02-03T02:53:50.419Z {"simTime":"1978-07-04T20:55:20.580Z","states":{"timeOfDay":"day","sky":"scattered","precip":"none","wind":"light","comfort":"warm"},"luminance":0.5500001543723413}
2026-02-03T02:53:55.425Z {"simTime":"1978-07-04T21:00:20.880Z","states":{"timeOfDay":"day","sky":"scattered","precip":"none","wind":"light","comfort":"warm"},"luminance":0.5500000911553238}
2026-02-03T02:54:00.428Z {"simTime":"1978-07-04T21:05:21.120Z","states":{"timeOfDay":"afternoon","sky":"few","precip":"none","wind":"light","comfort":"warm"},"luminance":0.504953953826307}
2026-02-03T02:54:05.432Z {"simTime":"1978-07-04T21:10:21.360Z","states":{"timeOfDay":"afternoon","sky":"few","precip":"none","wind":"light","comfort":"warm"},"luminance":0.46209466019489603}
2026-02-03T02:54:10.437Z {"simTime":"1978-07-04T21:15:21.660Z","states":{"timeOfDay":"afternoon","sky":"few","precip":"none","wind":"light","comfort":"warm"},"luminance":0.42847607589848413}
2026-02-03T02:54:15.442Z {"simTime":"1978-07-04T21:20:21.960Z","states":{"timeOfDay":"afternoon","sky":"few","precip":"none","wind":"light","comfort":"warm"},"luminance":0.4086246380572959}
2026-02-03T02:54:20.448Z {"simTime":"1978-07-04T21:25:22.320Z","states":{"timeOfDay":"afternoon","sky":"few","precip":"none","wind":"light","comfort":"warm"},"luminance":0.3833525625264526}
2026-02-03T02:54:25.453Z {"simTime":"1978-07-04T21:30:22.620Z","states":{"timeOfDay":"afternoon","sky":"few","precip":"none","wind":"light","comfort":"warm"},"luminance":0.361504154646245}
2026-02-03T02:54:30.458Z {"simTime":"1978-07-04T21:35:22.920Z","states":{"timeOfDay":"afternoon","sky":"few","precip":"none","wind":"light","comfort":"warm"},"luminance":0.3486028882770612}
2026-02-03T02:54:35.464Z {"simTime":"1978-07-04T21:40:23.280Z","states":{"timeOfDay":"afternoon","sky":"scattered","precip":"none","wind":"calm","comfort":"warm"},"luminance":0.3301448194987219}
2026-02-03T02:54:40.469Z {"simTime":"1978-07-04T21:45:23.580Z","states":{"timeOfDay":"afternoon","sky":"scattered","precip":"none","wind":"calm","comfort":"warm"},"luminance":0.3137051144658003}
